0 info it worked if it ends with ok
1 verbose cli [ 'C:\\Program Files\\nodejs\\node.exe',
1 verbose cli   'C:\\Program Files\\nodejs\\node_modules\\npm\\bin\\npm-cli.js',
1 verbose cli   'run',
1 verbose cli   'dev' ]
2 info using npm@3.10.10
3 info using node@v6.11.1
4 verbose run-script [ 'predev', 'dev', 'postdev' ]
5 info lifecycle springbootreactmodelapp@1.0.0~predev: springbootreactmodelapp@1.0.0
6 silly lifecycle springbootreactmodelapp@1.0.0~predev: no script for predev, continuing
7 info lifecycle springbootreactmodelapp@1.0.0~dev: springbootreactmodelapp@1.0.0
8 verbose lifecycle springbootreactmodelapp@1.0.0~dev: unsafe-perm in lifecycle true
9 verbose lifecycle springbootreactmodelapp@1.0.0~dev: PATH: C:\Program Files\nodejs\node_modules\npm\bin\node-gyp-bin;C:\Users\dougllas.sousa\IdeaProjects\springbootreactmodelapp\node_modules\.bin;C:\ProgramData\Oracle\Java\javapath;C:\Program Files (x86)\EasyPHP-DevServer-14.1VC9\binaries\php\php_runningversion;C:\Windows\system32;C:\Windows;C:\Windows\System32\Wbem;C:\Windows\System32\WindowsPowerShell\v1.0\;C:\Program Files\Java\jdk1.8.0_91\bin;C:\Program Files (x86)\adt-bundle-windows-x86_64-20140702;C:\Users\dougllas.sousa\Instalados\apache-maven-3.3.9\bin;C:\Program Files (x86)\Heroku\bin;C:\Program Files (x86)\git\cmd;C:\Program Files\PostgreSQL\9.2\bin\pgAdmin3.exe;C:\MinGW\bin;C:\Program Files (x86)\Skype\Phone\;C:\Program Files\TortoiseSVN\bin;C:\Program Files\PuTTY\;C:\Program Files (x86)\Intel\OpenCL SDK\2.0\bin\x86;C:\Program Files (x86)\Intel\OpenCL SDK\2.0\bin\x64;C:\Program Files\nodejs\;C:\Program Files\Git\cmd;C:\Program Files\Heroku\bin;C:\Users\dougllas.sousa\AppData\Roaming\npm;C:\Program Files\Microsoft VS Code\bin
10 verbose lifecycle springbootreactmodelapp@1.0.0~dev: CWD: C:\Users\dougllas.sousa\IdeaProjects\springbootreactmodelapp
11 silly lifecycle springbootreactmodelapp@1.0.0~dev: Args: [ '/d /s /c',
11 silly lifecycle   'webpack-dev-server --progress --colors --inline --hot' ]
12 silly lifecycle springbootreactmodelapp@1.0.0~dev: Returned: code: 3221225786  signal: null
13 info lifecycle springbootreactmodelapp@1.0.0~dev: Failed to exec dev script
14 verbose stack Error: springbootreactmodelapp@1.0.0 dev: `webpack-dev-server --progress --colors --inline --hot`
14 verbose stack Exit status 3221225786
14 verbose stack     at EventEmitter.<anonymous> (C:\Program Files\nodejs\node_modules\npm\lib\utils\lifecycle.js:255:16)
14 verbose stack     at emitTwo (events.js:106:13)
14 verbose stack     at EventEmitter.emit (events.js:191:7)
14 verbose stack     at ChildProcess.<anonymous> (C:\Program Files\nodejs\node_modules\npm\lib\utils\spawn.js:40:14)
14 verbose stack     at emitTwo (events.js:106:13)
14 verbose stack     at ChildProcess.emit (events.js:191:7)
14 verbose stack     at maybeClose (internal/child_process.js:891:16)
14 verbose stack     at Process.ChildProcess._handle.onexit (internal/child_process.js:226:5)
15 verbose pkgid springbootreactmodelapp@1.0.0
16 verbose cwd C:\Users\dougllas.sousa\IdeaProjects\springbootreactmodelapp
17 error Windows_NT 6.1.7601
18 error argv "C:\\Program Files\\nodejs\\node.exe" "C:\\Program Files\\nodejs\\node_modules\\npm\\bin\\npm-cli.js" "run" "dev"
19 error node v6.11.1
20 error npm  v3.10.10
21 error code ELIFECYCLE
22 error springbootreactmodelapp@1.0.0 dev: `webpack-dev-server --progress --colors --inline --hot`
22 error Exit status 3221225786
23 error Failed at the springbootreactmodelapp@1.0.0 dev script 'webpack-dev-server --progress --colors --inline --hot'.
23 error Make sure you have the latest version of node.js and npm installed.
23 error If you do, this is most likely a problem with the springbootreactmodelapp package,
23 error not with npm itself.
23 error Tell the author that this fails on your system:
23 error     webpack-dev-server --progress --colors --inline --hot
23 error You can get information on how to open an issue for this project with:
23 error     npm bugs springbootreactmodelapp
23 error Or if that isn't available, you can get their info via:
23 error     npm owner ls springbootreactmodelapp
23 error There is likely additional logging output above.
24 verbose exit [ 1, true ]
